This is e-pTeX, Version 3.14159265-p3.6-141210-2.6 (utf8.euc) (TeX Live 2015/Debian) (preloaded format=platex 2017.4.20)  30 APR 2017 22:32
entering extended mode
 restricted \write18 enabled.
 %&-line parsing enabled.
**h82
(./h82.tex
pLaTeX2e <2006/11/10> (based on LaTeX2e <2016/02/01> patch level 0)
Babel <3.9n> and hyphenation patterns for 11 languages loaded.
(/usr/share/texlive/texmf-dist/tex/platex/base/jarticle.cls
Document Class: jarticle 2006/06/27 v1.6 Standard pLaTeX class
\c@@paper=\count81
(/usr/share/texlive/texmf-dist/tex/platex/base/jsize10.clo
File: jsize10.clo 2006/06/27 v1.6 Standard pLaTeX file (size option)
)
\c@part=\count82
\c@section=\count83
\c@subsection=\count84
\c@subsubsection=\count85
\c@paragraph=\count86
\c@subparagraph=\count87
\c@figure=\count88
\c@table=\count89
\abovecaptionskip=\skip41
\belowcaptionskip=\skip42
\symmincho=\mathgroup4
LaTeX Font Info:    Overwriting symbol font `mincho' in version `bold'
(Font)                  JY1/mc/m/n --> JY1/gt/m/n on input line 601.
\toclineskip=\dimen118
\@lnumwidth=\dimen119
\bibindent=\dimen120
\heisei=\count90
)
(/usr/share/texlive/texmf-dist/tex/latex/graphics/graphicx.sty
Package: graphicx 2014/10/28 v1.0g Enhanced LaTeX Graphics (DPC,SPQR)

(/usr/share/texlive/texmf-dist/tex/latex/graphics/keyval.sty
Package: keyval 2014/10/28 v1.15 key=value parser (DPC)
\KV@toks@=\toks15
)
(/usr/share/texlive/texmf-dist/tex/latex/graphics/graphics.sty
Package: graphics 2016/01/03 v1.0q Standard LaTeX Graphics (DPC,SPQR)

(/usr/share/texlive/texmf-dist/tex/latex/graphics/trig.sty
Package: trig 2016/01/03 v1.10 sin cos tan (DPC)
)
(/usr/share/texlive/texmf-dist/tex/latex/latexconfig/graphics.cfg
File: graphics.cfg 2010/04/23 v1.9 graphics configuration of TeX Live
)
Package graphics Info: Driver file: dvipdfmx.def on input line 95.

(/usr/share/texlive/texmf-dist/tex/latex/dvipdfmx-def/dvipdfmx.def
File: dvipdfmx.def 2015/11/04 v4.07 LaTeX color/graphics driver for dvipdfmx (T
eX Live/ChoF)

(/usr/share/texlive/texmf-dist/tex/generic/oberdiek/infwarerr.sty
Package: infwarerr 2010/04/08 v1.3 Providing info/warning/error messages (HO)
)
(/usr/share/texlive/texmf-dist/tex/generic/oberdiek/ltxcmds.sty
Package: ltxcmds 2011/11/09 v1.22 LaTeX kernel commands for general use (HO)
)))
\Gin@req@height=\dimen121
\Gin@req@width=\dimen122
)

! LaTeX Error: File `moreverb.sty' not found.

Type X to quit or <RETURN> to proceed,
or enter new name. (Default extension: sty)

Enter file name: 

! LaTeX Error: \tablenema undefined.

See the LaTeX manual or LaTeX Companion for explanation.
Type  H <return>  for immediate help.
 ...                                              
                                                  
l.7 \renewcommand{\tablenema}
                             {表}
? 
No file h82.aux.
\openout1 = `h82.aux'.

LaTeX Font Info:    Checking defaults for OML/cmm/m/it on input line 8.
LaTeX Font Info:    ... okay on input line 8.
LaTeX Font Info:    Checking defaults for T1/cmr/m/n on input line 8.
LaTeX Font Info:    ... okay on input line 8.
LaTeX Font Info:    Checking defaults for OT1/cmr/m/n on input line 8.
LaTeX Font Info:    ... okay on input line 8.
LaTeX Font Info:    Checking defaults for OMS/cmsy/m/n on input line 8.
LaTeX Font Info:    ... okay on input line 8.
LaTeX Font Info:    Checking defaults for OMX/cmex/m/n on input line 8.
LaTeX Font Info:    ... okay on input line 8.
LaTeX Font Info:    Checking defaults for U/cmr/m/n on input line 8.
LaTeX Font Info:    ... okay on input line 8.
LaTeX Font Info:    Checking defaults for JY1/mc/m/n on input line 8.
LaTeX Font Info:    ... okay on input line 8.
LaTeX Font Info:    Checking defaults for JT1/mc/m/n on input line 8.
LaTeX Font Info:    ... okay on input line 8.
LaTeX Font Info:    External font `cmex10' loaded for size
(Font)              <12> on input line 12.
LaTeX Font Info:    External font `cmex10' loaded for size
(Font)              <8> on input line 12.
LaTeX Font Info:    External font `cmex10' loaded for size
(Font)              <6> on input line 12.
LaTeX Font Info:    Font shape `JT1/mc/bx/n' in size <14.4> not available
(Font)              Font shape `JT1/gt/m/n' tried instead on input line 18.
LaTeX Font Info:    Font shape `JY1/mc/bx/n' in size <14.4> not available
(Font)              Font shape `JY1/gt/m/n' tried instead on input line 18.
LaTeX Font Info:    External font `cmex10' loaded for size
(Font)              <7> on input line 33.
LaTeX Font Info:    External font `cmex10' loaded for size
(Font)              <5> on input line 33.
LaTeX Font Info:    Font shape `JT1/mc/bx/n' in size <12> not available
(Font)              Font shape `JT1/gt/m/n' tried instead on input line 42.
LaTeX Font Info:    Font shape `JY1/mc/bx/n' in size <12> not available
(Font)              Font shape `JY1/gt/m/n' tried instead on input line 42.
File: /home/minoru/Desktop/tex/h82pic/XC16082.eps Graphic file (type eps)
</home/minoru/Desktop/tex/h82pic/XC16082.eps>
! Missing $ inserted.
<inserted text> 
                $
l.56 φ1Cから\overline
                      {φ1}、φ2Cから\overline{φ2}の順に
? 
! Missing $ inserted.
<inserted text> 
                $
l.58 \subsection
                {1相励磁と2相励磁}
? 
! Missing $ inserted.
<inserted text> 
                $
l.60 1相励磁の場合、φ1、φ2、\overline
                                       {φ1}、\overline{φ2}、
? 
! Missing $ inserted.
<inserted text> 
                $
l.65 \section
             {実験方法}
? 
[1

]
Overfull \hbox (5.08864pt too wide) in paragraph at lines 78--81
[]\OT1/cmr/m/n/10 H8 Writer \JY1/mc/m/n/10 を起動し 、 書き込み制御フ ァ イルを
 「\OT1/cmr/m/n/10 3052[]F25M[]P384.MOT\JY1/mc/m/n/10 」 、
 []

[2]
LaTeX Font Info:    Font shape `JT1/mc/bx/n' in size <10> not available
(Font)              Font shape `JT1/gt/m/n' tried instead on input line 95.
LaTeX Font Info:    Font shape `JY1/mc/bx/n' in size <10> not available
(Font)              Font shape `JY1/gt/m/n' tried instead on input line 95.
 [3] [4]
File: /home/minoru/Desktop/tex/h82pic/no5/DS0002.eps Graphic file (type eps)
 </home/minoru/Desktop/tex/h82pic/no5/DS0002.eps>
File: /home/minoru/Desktop/tex/h82pic/no5/DS0000.eps Graphic file (type eps)

</home/minoru/Desktop/tex/h82pic/no5/DS0000.eps>
Overfull \hbox (2.22221pt too wide) in paragraph at lines 169--183
[]$[]$ $[]$ 
 []

File: /home/minoru/Desktop/tex/h82pic/no5/DS0001.eps Graphic file (type eps)
</home/minoru/Desktop/tex/h82pic/no5/DS0001.eps> [5] [6] [7] [8] [9] [10]
[11]
! Missing $ inserted.
<inserted text> 
                $
l.540 \overline
               {φ1}、\overline{φ2}にパルス信号を送るか決める。
? 
! Missing $ inserted.
<inserted text> 
                $
l.551 \end{document}
                    
? 
[12] (./h82.aux)

LaTeX Warning: Label(s) may have changed. Rerun to get cross-references right.

 ) 
Here is how much of TeX's memory you used:
 849 strings out of 494865
 10770 string characters out of 6179769
 68568 words of memory out of 5000000
 4308 multiletter control sequences out of 15000+600000
 14633 words of font info for 57 fonts, out of 8000000 for 9000
 264 hyphenation exceptions out of 8191
 27i,9n,21p,232b,417s stack positions out of 5000i,500n,10000p,200000b,80000s

Output written on h82.dvi (12 pages, 26964 bytes).
