This is e-pTeX, Version 3.14159265-p3.6-141210-2.6 (utf8.euc) (TeX Live 2015/Debian) (preloaded format=platex 2017.4.20)  22 JUN 2017 11:45
entering extended mode
 restricted \write18 enabled.
 %&-line parsing enabled.
**h88
(./h88.tex
pLaTeX2e <2006/11/10> (based on LaTeX2e <2016/02/01> patch level 0)
Babel <3.9n> and hyphenation patterns for 11 languages loaded.
(/usr/share/texlive/texmf-dist/tex/platex/base/jarticle.cls
Document Class: jarticle 2006/06/27 v1.6 Standard pLaTeX class
\c@@paper=\count81
(/usr/share/texlive/texmf-dist/tex/platex/base/jsize10.clo
File: jsize10.clo 2006/06/27 v1.6 Standard pLaTeX file (size option)
)
\c@part=\count82
\c@section=\count83
\c@subsection=\count84
\c@subsubsection=\count85
\c@paragraph=\count86
\c@subparagraph=\count87
\c@figure=\count88
\c@table=\count89
\abovecaptionskip=\skip41
\belowcaptionskip=\skip42
\symmincho=\mathgroup4
LaTeX Font Info:    Overwriting symbol font `mincho' in version `bold'
(Font)                  JY1/mc/m/n --> JY1/gt/m/n on input line 601.
\toclineskip=\dimen118
\@lnumwidth=\dimen119
\bibindent=\dimen120
\heisei=\count90
)
(/usr/share/texlive/texmf-dist/tex/latex/graphics/graphicx.sty
Package: graphicx 2014/10/28 v1.0g Enhanced LaTeX Graphics (DPC,SPQR)

(/usr/share/texlive/texmf-dist/tex/latex/graphics/keyval.sty
Package: keyval 2014/10/28 v1.15 key=value parser (DPC)
\KV@toks@=\toks15
)
(/usr/share/texlive/texmf-dist/tex/latex/graphics/graphics.sty
Package: graphics 2016/01/03 v1.0q Standard LaTeX Graphics (DPC,SPQR)

(/usr/share/texlive/texmf-dist/tex/latex/graphics/trig.sty
Package: trig 2016/01/03 v1.10 sin cos tan (DPC)
)
(/usr/share/texlive/texmf-dist/tex/latex/latexconfig/graphics.cfg
File: graphics.cfg 2010/04/23 v1.9 graphics configuration of TeX Live
)
Package graphics Info: Driver file: dvipdfmx.def on input line 95.

(/usr/share/texlive/texmf-dist/tex/latex/dvipdfmx-def/dvipdfmx.def
File: dvipdfmx.def 2015/11/04 v4.07 LaTeX color/graphics driver for dvipdfmx (T
eX Live/ChoF)

(/usr/share/texlive/texmf-dist/tex/generic/oberdiek/infwarerr.sty
Package: infwarerr 2010/04/08 v1.3 Providing info/warning/error messages (HO)
)
(/usr/share/texlive/texmf-dist/tex/generic/oberdiek/ltxcmds.sty
Package: ltxcmds 2011/11/09 v1.22 LaTeX kernel commands for general use (HO)
)))
\Gin@req@height=\dimen121
\Gin@req@width=\dimen122
)
(/usr/share/texlive/texmf-dist/tex/latex/geometry/geometry.sty
Package: geometry 2010/09/12 v5.6 Page Geometry

(/usr/share/texlive/texmf-dist/tex/generic/oberdiek/ifpdf.sty
Package: ifpdf 2011/01/30 v2.3 Provides the ifpdf switch (HO)
Package ifpdf Info: pdfTeX in PDF mode is not detected.
)
(/usr/share/texlive/texmf-dist/tex/generic/oberdiek/ifvtex.sty
Package: ifvtex 2010/03/01 v1.5 Detect VTeX and its facilities (HO)
Package ifvtex Info: VTeX not detected.
)
(/usr/share/texlive/texmf-dist/tex/generic/ifxetex/ifxetex.sty
Package: ifxetex 2010/09/12 v0.6 Provides ifxetex conditional
)
\Gm@cnth=\count91
\Gm@cntv=\count92
\c@Gm@tempcnt=\count93
\Gm@bindingoffset=\dimen123
\Gm@wd@mp=\dimen124
\Gm@odd@mp=\dimen125
\Gm@even@mp=\dimen126
\Gm@layoutwidth=\dimen127
\Gm@layoutheight=\dimen128
\Gm@layouthoffset=\dimen129
\Gm@layoutvoffset=\dimen130
\Gm@dimlist=\toks16
)
(/usr/share/texlive/texmf-dist/tex/latex/listings/listings.sty
\lst@mode=\count94
\lst@gtempboxa=\box41
\lst@token=\toks17
\lst@length=\count95
\lst@currlwidth=\dimen131
\lst@column=\count96
\lst@pos=\count97
\lst@lostspace=\dimen132
\lst@width=\dimen133
\lst@newlines=\count98
\lst@lineno=\count99
\lst@maxwidth=\dimen134

(/usr/share/texlive/texmf-dist/tex/latex/listings/lstmisc.sty
File: lstmisc.sty 2015/06/04 1.6 (Carsten Heinz)
\c@lstnumber=\count100
\lst@skipnumbers=\count101
\lst@framebox=\box42
)
(/usr/share/texlive/texmf-dist/tex/latex/listings/listings.cfg
File: listings.cfg 2015/06/04 1.6 listings configuration
))
Package: listings 2015/06/04 1.6 (Carsten Heinz)

(/usr/share/texlive/texmf-dist/tex/latex/listings/jlisting.sty
Package: jlisting 2006/02/20 0.2 (Thor)
\lst@nextchar=\count102
\lst@inputfile=\read1
)

! LaTeX Error: \tablenema undefined.

See the LaTeX manual or LaTeX Companion for explanation.
Type  H <return>  for immediate help.
 ...                                              
                                                  
l.8 \renewcommand{\tablenema}
                             {表}
? 
(./h88.aux)
\openout1 = `h88.aux'.

LaTeX Font Info:    Checking defaults for OML/cmm/m/it on input line 9.
LaTeX Font Info:    ... okay on input line 9.
LaTeX Font Info:    Checking defaults for T1/cmr/m/n on input line 9.
LaTeX Font Info:    ... okay on input line 9.
LaTeX Font Info:    Checking defaults for OT1/cmr/m/n on input line 9.
LaTeX Font Info:    ... okay on input line 9.
LaTeX Font Info:    Checking defaults for OMS/cmsy/m/n on input line 9.
LaTeX Font Info:    ... okay on input line 9.
LaTeX Font Info:    Checking defaults for OMX/cmex/m/n on input line 9.
LaTeX Font Info:    ... okay on input line 9.
LaTeX Font Info:    Checking defaults for U/cmr/m/n on input line 9.
LaTeX Font Info:    ... okay on input line 9.
LaTeX Font Info:    Checking defaults for JY1/mc/m/n on input line 9.
LaTeX Font Info:    ... okay on input line 9.
LaTeX Font Info:    Checking defaults for JT1/mc/m/n on input line 9.
LaTeX Font Info:    ... okay on input line 9.

*geometry* driver: auto-detecting
*geometry* detected driver: dvips
*geometry* verbose mode - [ preamble ] result:
* driver: dvips
* paper: a4paper
* layout: <same size as paper>
* layoutoffset:(h,v)=(0.0pt,0.0pt)
* modes: 
* h-part:(L,W,R)=(56.9055pt, 483.69687pt, 56.9055pt)
* v-part:(T,H,B)=(85.35826pt, 674.33032pt, 85.35826pt)
* \paperwidth=597.50787pt
* \paperheight=845.04684pt
* \textwidth=483.69687pt
* \textheight=674.33032pt
* \oddsidemargin=-15.36449pt
* \evensidemargin=-15.36449pt
* \topmargin=-23.91173pt
* \headheight=12.0pt
* \headsep=25.0pt
* \topskip=7.77588pt
* \footskip=30.0pt
* \marginparwidth=106.0pt
* \marginparsep=10.0pt
* \columnsep=10.0pt
* \skip\footins=9.0pt plus 4.0pt minus 2.0pt
* \hoffset=0.0pt
* \voffset=0.0pt
* \mag=1000
* \@twocolumnfalse
* \@twosidefalse
* \@mparswitchfalse
* \@reversemarginfalse
* (1in=72.27pt=25.4mm, 1cm=28.453pt)

\c@lstlisting=\count103
LaTeX Font Info:    External font `cmex10' loaded for size
(Font)              <12> on input line 13.
LaTeX Font Info:    External font `cmex10' loaded for size
(Font)              <8> on input line 13.
LaTeX Font Info:    External font `cmex10' loaded for size
(Font)              <6> on input line 13.
LaTeX Font Info:    Font shape `JT1/mc/bx/n' in size <14.4> not available
(Font)              Font shape `JT1/gt/m/n' tried instead on input line 19.
LaTeX Font Info:    Font shape `JY1/mc/bx/n' in size <14.4> not available
(Font)              Font shape `JY1/gt/m/n' tried instead on input line 19.
LaTeX Font Info:    External font `cmex10' loaded for size
(Font)              <7> on input line 34.
LaTeX Font Info:    External font `cmex10' loaded for size
(Font)              <5> on input line 34.
LaTeX Font Info:    Font shape `JT1/mc/bx/n' in size <12> not available
(Font)              Font shape `JT1/gt/m/n' tried instead on input line 43.
LaTeX Font Info:    Font shape `JY1/mc/bx/n' in size <12> not available
(Font)              Font shape `JY1/gt/m/n' tried instead on input line 43.

LaTeX Warning: File `/home/minoru/Desktop/tex/h82pic/XC16082.eps' not found on 
input line 48.


! LaTeX Error: File `/home/minoru/Desktop/tex/h82pic/XC16082.eps' not found.

See the LaTeX manual or LaTeX Companion for explanation.
Type  H <return>  for immediate help.
 ...                                              
                                                  
l.48 ...me/minoru/Desktop/tex/h82pic/XC16082.eps}}
                                                  
? 

! LaTeX Error: Cannot determine size of graphic in /home/minoru/Desktop/tex/h82
pic/XC16082.eps (no BoundingBox).

See the LaTeX manual or LaTeX Companion for explanation.
Type  H <return>  for immediate help.
 ...                                              
                                                  
l.48 ...me/minoru/Desktop/tex/h82pic/XC16082.eps}}
                                                  
? 
File: /home/minoru/Desktop/tex/h82pic/XC16082.eps Graphic file (type eps)
</home/minoru/Desktop/tex/h82pic/XC16082.eps>
! Missing $ inserted.
<inserted text> 
                $
l.57 φ1Cから\overline
                      {φ1}、φ2Cから\overline{φ2}の順に
? 
! Missing $ inserted.
<inserted text> 
                $
l.59 \subsection
                {1相励磁と2相励磁}
? 
! Missing $ inserted.
<inserted text> 
                $
l.61 1相励磁の場合、φ1、φ2、\overline
                                       {φ1}、\overline{φ2}、
? 
! Missing $ inserted.
<inserted text> 
                $
l.66 \section
             {実験方法}
? 
[1

]
LaTeX Font Info:    Font shape `JT1/mc/bx/n' in size <10> not available
(Font)              Font shape `JT1/gt/m/n' tried instead on input line 96.
LaTeX Font Info:    Font shape `JY1/mc/bx/n' in size <10> not available
(Font)              Font shape `JY1/gt/m/n' tried instead on input line 96.
 [2] [3]

LaTeX Warning: File `/home/minoru/Desktop/tex/h82pic/no5/DS0002.eps' not found 
on input line 175.


! LaTeX Error: File `/home/minoru/Desktop/tex/h82pic/no5/DS0002.eps' not found.


See the LaTeX manual or LaTeX Companion for explanation.
Type  H <return>  for immediate help.
 ...                                              
                                                  
l.175 ...inoru/Desktop/tex/h82pic/no5/DS0002.eps}}
                                                  
? 

! LaTeX Error: Cannot determine size of graphic in /home/minoru/Desktop/tex/h82
pic/no5/DS0002.eps (no BoundingBox).

See the LaTeX manual or LaTeX Companion for explanation.
Type  H <return>  for immediate help.
 ...                                              
                                                  
l.175 ...inoru/Desktop/tex/h82pic/no5/DS0002.eps}}
                                                  
? 
File: /home/minoru/Desktop/tex/h82pic/no5/DS0002.eps Graphic file (type eps)
</home/minoru/Desktop/tex/h82pic/no5/DS0002.eps>

LaTeX Warning: File `/home/minoru/Desktop/tex/h82pic/no5/DS0000.eps' not found 
on input line 182.


! LaTeX Error: File `/home/minoru/Desktop/tex/h82pic/no5/DS0000.eps' not found.


See the LaTeX manual or LaTeX Companion for explanation.
Type  H <return>  for immediate help.
 ...                                              
                                                  
l.182 ...inoru/Desktop/tex/h82pic/no5/DS0000.eps}}
                                                  
? 

! LaTeX Error: Cannot determine size of graphic in /home/minoru/Desktop/tex/h82
pic/no5/DS0000.eps (no BoundingBox).

See the LaTeX manual or LaTeX Companion for explanation.
Type  H <return>  for immediate help.
 ...                                              
                                                  
l.182 ...inoru/Desktop/tex/h82pic/no5/DS0000.eps}}
                                                  
? 
File: /home/minoru/Desktop/tex/h82pic/no5/DS0000.eps Graphic file (type eps)
</home/minoru/Desktop/tex/h82pic/no5/DS0000.eps>
Overfull \hbox (2.22221pt too wide) in paragraph at lines 173--187
[]$[]$ $[]$ 
 []


LaTeX Warning: File `/home/minoru/Desktop/tex/h82pic/no5/DS0001.eps' not found 
on input line 193.


! LaTeX Error: File `/home/minoru/Desktop/tex/h82pic/no5/DS0001.eps' not found.


See the LaTeX manual or LaTeX Companion for explanation.
Type  H <return>  for immediate help.
 ...                                              
                                                  
l.193 ...inoru/Desktop/tex/h82pic/no5/DS0001.eps}}
                                                  
? 

! LaTeX Error: Cannot determine size of graphic in /home/minoru/Desktop/tex/h82
pic/no5/DS0001.eps (no BoundingBox).

See the LaTeX manual or LaTeX Companion for explanation.
Type  H <return>  for immediate help.
 ...                                              
                                                  
l.193 ...inoru/Desktop/tex/h82pic/no5/DS0001.eps}}
                                                  
? 
File: /home/minoru/Desktop/tex/h82pic/no5/DS0001.eps Graphic file (type eps)
</home/minoru/Desktop/tex/h82pic/no5/DS0001.eps>

! Package Listings Error: File `/home/minoru/Desktop/tex/h82pic/no5/5i11tsutsui
minoruh801(.c)' not found.

Type X to quit or <RETURN> to proceed,
or enter new name. (Default extension: c)

Enter file name: 
! Undefined control sequence.
\\lst@inputlisting ...}}\reserved@a }\lst@doendpe 
                                                  \@newlistfalse \ignorespaces 
l.199 ...p/tex/h82pic/no5/5i11tsutsuiminoruh801.c}
                                                  
? 

! Package Listings Error: File `/home/minoru/Desktop/tex/h82pic/no5/souse22(.c)
' not found.

Type X to quit or <RETURN> to proceed,
or enter new name. (Default extension: c)

Enter file name: 
! Undefined control sequence.
\\lst@inputlisting ...}}\reserved@a }\lst@doendpe 
                                                  \@newlistfalse \ignorespaces 
l.201 .../minoru/Desktop/tex/h82pic/no5/souse22.c}
                                                  
? 

! Package Listings Error: File `/home/minoru/Desktop/tex/h82pic/no5/souse3(.c)'
 not found.

Type X to quit or <RETURN> to proceed,
or enter new name. (Default extension: c)

Enter file name: 
! Undefined control sequence.
\\lst@inputlisting ...}}\reserved@a }\lst@doendpe 
                                                  \@newlistfalse \ignorespaces 
l.203 ...e/minoru/Desktop/tex/h82pic/no5/souse3.c}
                                                  
? 
[4]
! Missing $ inserted.
<inserted text> 
                $
l.235 \overline
               {φ1}、\overline{φ2}にパルス信号を送るか決める。
? 
! Missing $ inserted.
<inserted text> 
                $
l.246 \end{document}
                    
? 
[5] (./h88.aux)

LaTeX Warning: Label(s) may have changed. Rerun to get cross-references right.

 ) 
Here is how much of TeX's memory you used:
 2556 strings out of 494865
 36038 string characters out of 6179769
 101241 words of memory out of 5000000
 5981 multiletter control sequences out of 15000+600000
 14633 words of font info for 57 fonts, out of 8000000 for 9000
 264 hyphenation exceptions out of 8191
 27i,9n,32p,291b,376s stack positions out of 5000i,500n,10000p,200000b,80000s

Output written on h88.dvi (5 pages, 16232 bytes).
